2016-03-20 20:01:20,699 INFO  [org.eclim.eclipse.EclimDaemon] Workspace: /home/matt/Dropbox/Classwork/text-mining-language-processing/final-project/imdb-sentiment-classifier
2016-03-20 20:01:20,720 INFO  [org.eclim.eclipse.EclimDaemon] Home: /opt/eclipse-mars/plugins/org.eclim_2.5.0/
2016-03-20 20:01:20,720 INFO  [org.eclim.eclipse.EclimDaemon] Starting eclim...
2016-03-20 20:01:20,733 INFO  [org.eclim.eclipse.EclimDaemon] Loading plugin org.eclim
2016-03-20 20:01:20,738 INFO  [org.eclim.eclipse.EclimDaemon] Loading plugin org.eclim.core
2016-03-20 20:01:21,034 INFO  [org.eclim.plugin.core.CorePlugin] Loading eclim plugins...
2016-03-20 20:01:21,048 INFO  [org.eclim.plugin.core.CorePlugin] Loading plugin org.eclim.jdt
2016-03-20 20:01:21,050 INFO  [org.eclim.plugin.core.CorePlugin] Plugins loaded.
2016-03-20 20:01:21,051 INFO  [org.eclim.eclipse.EclimDaemon] Loaded plugin org.eclim.core
2016-03-20 20:01:21,059 INFO  [org.eclim.eclipse.EclimDaemon] Waiting on running jobs before starting eclimd...
2016-03-20 20:01:32,076 INFO  [org.eclim.eclipse.EclimDaemon] Jobs finished.
2016-03-20 20:01:32,077 INFO  [org.eclim.eclipse.EclimDaemon] Eclim Server Started on: 127.0.0.1:9091
2016-03-20 20:16:19,431 INFO  [org.eclim.eclipse.EclimDaemon] Shutting down eclim...
2016-03-20 20:16:19,455 INFO  [org.eclim.eclipse.EclimDaemon] Stopping plugin org.eclim.core
2016-03-20 20:16:19,457 INFO  [org.eclim.plugin.core.CorePlugin] Stopping plugin org.eclim.jdt
2016-03-20 20:16:19,458 INFO  [org.eclim.eclipse.EclimDaemon] Eclim stopped.
2016-03-20 20:16:53,439 INFO  [org.eclim.eclipse.EclimDaemon] Workspace: /home/matt/Dropbox/Classwork/text-mining-language-processing/final-project/imdb-sentiment-classifier
2016-03-20 20:16:53,464 INFO  [org.eclim.eclipse.EclimDaemon] Home: /opt/eclipse-mars/plugins/org.eclim_2.5.0/
2016-03-20 20:16:53,464 INFO  [org.eclim.eclipse.EclimDaemon] Starting eclim...
2016-03-20 20:16:53,488 INFO  [org.eclim.eclipse.EclimDaemon] Loading plugin org.eclim
2016-03-20 20:16:53,493 INFO  [org.eclim.eclipse.EclimDaemon] Loading plugin org.eclim.core
2016-03-20 20:16:53,886 INFO  [org.eclim.plugin.core.CorePlugin] Loading eclim plugins...
2016-03-20 20:16:53,904 INFO  [org.eclim.plugin.core.CorePlugin] Loading plugin org.eclim.jdt
2016-03-20 20:16:53,910 INFO  [org.eclim.plugin.core.CorePlugin] Plugins loaded.
2016-03-20 20:16:53,914 INFO  [org.eclim.eclipse.EclimDaemon] Loaded plugin org.eclim.core
2016-03-20 20:16:53,931 INFO  [org.eclim.eclipse.EclimDaemon] Waiting on running jobs before starting eclimd...
2016-03-20 20:17:00,983 INFO  [org.eclim.eclipse.EclimDaemon] Jobs finished.
2016-03-20 20:17:00,992 INFO  [org.eclim.eclipse.EclimDaemon] Eclim Server Started on: 127.0.0.1:9091
2016-03-20 20:23:32,728 INFO  [org.eclim.eclipse.EclimDaemon] Shutting down eclim...
2016-03-20 20:23:32,746 INFO  [org.eclim.eclipse.EclimDaemon] Stopping plugin org.eclim.core
2016-03-20 20:23:32,748 INFO  [org.eclim.plugin.core.CorePlugin] Stopping plugin org.eclim.jdt
2016-03-20 20:23:32,748 INFO  [org.eclim.eclipse.EclimDaemon] Eclim stopped.
